<?xml version="1.0" encoding="UTF-8"?>
<!-- Generated by org.testng.reporters.JUnitReportReporter -->
<testsuite hostname="ir000779" name="com.globalnews.users.AuthorSubmitsArticleTest" tests="1" failures="0" timestamp="1 Aug 2016 17:34:12 GMT" time="0.038" errors="0">
  <testcase name="testAuthorSumitArticle" time="0.038" classname="com.globalnews.users.AuthorSubmitsArticleTest"/>
</testsuite> <!-- com.globalnews.users.AuthorSubmitsArticleTest -->
